<?xml version="1.0" encoding="UTF-8"?>
<!-- Generated by org.testng.reporters.JUnitXMLReporter -->
<testsuite ignored="0" hostname="DESKTOP-OCCUBGQ" failures="1" tests="3" name="errorValidation" time="35.761" errors="0" timestamp="2024-10-02T20:44:06 IST">
  <testcase classname="AmazonWebIn.Amazon.Tests.errorValidation" name="error" time="6.419">
    <skipped/>
  </testcase> <!-- error -->
  <testcase classname="AmazonWebIn.Amazon.Tests.errorValidation" name="error" time="9.611">
    <skipped/>
  </testcase> <!-- error -->
  <testcase classname="AmazonWebIn.Amazon.Tests.errorValidation" name="error" time="8.984">
    <failure type="java.lang.AssertionError" message="expected [Your passwordD is incorrect] but found [Your password is incorrect]">
      <![CDATA[java.lang.AssertionError: expected [Your passwordD is incorrect] but found [Your password is incorrect]
at AmazonWebIn.Amazon.Tests.errorValidation.error(errorValidation.java:20)
at java.base/java.util.ArrayList.forEach(ArrayList.java:1511)
... Removed 33 stack frames]]>
    </failure>
  </testcase> <!-- error -->
</testsuite> <!-- errorValidation -->
